Release 14.7 Map P.20131013 (nt64)
Xilinx Mapping Report File for Design 'multi'

Design Information
------------------
Command Line   : map -intstyle ise -p xc3s50-pq208-5 -cm area -ir off -pr off -c
100 -o multi_map.ncd multi.ngd multi.pcf 
Target Device  : xc3s50
Target Package : pq208
Target Speed   : -5
Mapper Version : spartan3 -- $Revision: 1.55 $
Mapped Date    : Sat Jul 11 23:44:16 2020

Design Summary
--------------
Number of errors:      0
Number of warnings:    0
Logic Utilization:
  Number of Slice Flip Flops:           153 out of   1,536    9%
  Number of 4 input LUTs:               284 out of   1,536   18%
Logic Distribution:
  Number of occupied Slices:            173 out of     768   22%
    Number of Slices containing only related logic:     173 out of     173 100%
    Number of Slices containing unrelated logic:          0 out of     173   0%
      *See NOTES below for an explanation of the effects of unrelated logic.
  Total Number of 4 input LUTs:         317 out of   1,536   20%
    Number used as logic:               212
    Number used as a route-thru:         33
    Number used as Shift registers:      72

  The Slice Logic Distribution report is not meaningful if the design is
  over-mapped for a non-slice resource or if Placement fails.

  Number of bonded IOBs:                 65 out of     124   52%
  Number of BUFGMUXs:                     1 out of       8   12%

Average Fanout of Non-Clock Nets:                1.80

Peak Memory Usage:  4406 MB
Total REAL time to MAP completion:  1 secs 
Total CPU time to MAP completion:   0 secs 

NOTES:

   Related logic is defined as being logic that shares connectivity - e.g. two
   LUTs are "related" if they share common inputs.  When assembling slices,
   Map gives priority to combine logic that is related.  Doing so results in
   the best timing performance.

   Unrelated logic shares no connectivity.  Map will only begin packing
   unrelated logic into a slice once 99% of the slices are occupied through
   related logic packing.

   Note that once logic distribution reaches the 99% level through related
   logic packing, this does not mean the device is completely utilized.
   Unrelated logic packing will then begin, continuing until all usable LUTs
   and FFs are occupied.  Depending on your timing budget, increased levels of
   unrelated logic packing may adversely affect the overall timing performance
   of your design.

Table of Contents
-----------------
Section 1 - Errors
Section 2 - Warnings
Section 3 - Informational
Section 4 - Removed Logic Summary
Section 5 - Removed Logic
Section 6 - IOB Properties
Section 7 - RPMs
Section 8 - Guide Report
Section 9 - Area Group and Partition Summary
Section 10 - Timing Report
Section 11 - Configuration String Information
Section 12 - Control Set Information
Section 13 - Utilization by Hierarchy

Section 1 - Errors
------------------

Section 2 - Warnings
--------------------

Section 3 - Informational
-------------------------
INFO:MapLib:562 - No environment variables are currently set.
INFO:LIT:244 - All of the single ended outputs in this design are using slew
   rate limited output drivers. The delay on speed critical single ended outputs
   can be dramatically reduced by designating them as fast outputs.

Section 4 - Removed Logic Summary
---------------------------------
  74 block(s) optimized away

Section 5 - Removed Logic
-------------------------

Optimized Block(s):
TYPE 		BLOCK
GND 		XST_GND
VCC 		XST_VCC

To enable printing of redundant blocks removed and signals merged, set the
detailed map report option and rerun map.

Section 6 - IOB Properties
--------------------------

+---------------------------------------------------------------------------------------------------------------------------------------------------------+
| IOB Name                           | Type             | Direction | IO Standard          | Diff  | Drive    | Slew | Reg (s)      | Resistor | IOB      |
|                                    |                  |           |                      | Term  | Strength | Rate |              |          | Delay    |
+---------------------------------------------------------------------------------------------------------------------------------------------------------+
| clk                                | IOB              | INPUT     | LVCMOS25             |       |          |      |              |          |          |
| out<0>                             | IOB              | OUTPUT    | LVCMOS25             |       | 12       | SLOW |              |          |          |
| out<1>                             | IOB              | OUTPUT    | LVCMOS25             |       | 12       | SLOW |              |          |          |
| out<2>                             | IOB              | OUTPUT    | LVCMOS25             |       | 12       | SLOW |              |          |          |
| out<3>                             | IOB              | OUTPUT    | LVCMOS25             |       | 12       | SLOW |              |          |          |
| out<4>                             | IOB              | OUTPUT    | LVCMOS25             |       | 12       | SLOW |              |          |          |
| out<5>                             | IOB              | OUTPUT    | LVCMOS25             |       | 12       | SLOW |              |          |          |
| out<6>                             | IOB              | OUTPUT    | LVCMOS25             |       | 12       | SLOW |              |          |          |
| out<7>                             | IOB              | OUTPUT    | LVCMOS25             |       | 12       | SLOW |              |          |          |
| out<8>                             | IOB              | OUTPUT    | LVCMOS25             |       | 12       | SLOW |              |          |          |
| out<9>                             | IOB              | OUTPUT    | LVCMOS25             |       | 12       | SLOW |              |          |          |
| out<10>                            | IOB              | OUTPUT    | LVCMOS25             |       | 12       | SLOW |              |          |          |
| out<11>                            | IOB              | OUTPUT    | LVCMOS25             |       | 12       | SLOW |              |          |          |
| out<12>                            | IOB              | OUTPUT    | LVCMOS25             |       | 12       | SLOW |              |          |          |
| out<13>                            | IOB              | OUTPUT    | LVCMOS25             |       | 12       | SLOW |              |          |          |
| out<14>                            | IOB              | OUTPUT    | LVCMOS25             |       | 12       | SLOW |              |          |          |
| out<15>                            | IOB              | OUTPUT    | LVCMOS25             |       | 12       | SLOW |              |          |          |
| out<16>                            | IOB              | OUTPUT    | LVCMOS25             |       | 12       | SLOW |              |          |          |
| out<17>                            | IOB              | OUTPUT    | LVCMOS25             |       | 12       | SLOW |              |          |          |
| out<18>                            | IOB              | OUTPUT    | LVCMOS25             |       | 12       | SLOW |              |          |          |
| out<19>                            | IOB              | OUTPUT    | LVCMOS25             |       | 12       | SLOW |              |          |          |
| out<20>                            | IOB              | OUTPUT    | LVCMOS25             |       | 12       | SLOW |              |          |          |
| out<21>                            | IOB              | OUTPUT    | LVCMOS25             |       | 12       | SLOW |              |          |          |
| out<22>                            | IOB              | OUTPUT    | LVCMOS25             |       | 12       | SLOW |              |          |          |
| out<23>                            | IOB              | OUTPUT    | LVCMOS25             |       | 12       | SLOW |              |          |          |
| out<24>                            | IOB              | OUTPUT    | LVCMOS25             |       | 12       | SLOW |              |          |          |
| out<25>                            | IOB              | OUTPUT    | LVCMOS25             |       | 12       | SLOW |              |          |          |
| out<26>                            | IOB              | OUTPUT    | LVCMOS25             |       | 12       | SLOW |              |          |          |
| out<27>                            | IOB              | OUTPUT    | LVCMOS25             |       | 12       | SLOW |              |          |          |
| out<28>                            | IOB              | OUTPUT    | LVCMOS25             |       | 12       | SLOW |              |          |          |
| out<29>                            | IOB              | OUTPUT    | LVCMOS25             |       | 12       | SLOW |              |          |          |
| out<30>                            | IOB              | OUTPUT    | LVCMOS25             |       | 12       | SLOW |              |          |          |
| out<31>                            | IOB              | OUTPUT    | LVCMOS25             |       | 12       | SLOW |              |          |          |
| x<0>                               | IOB              | INPUT     | LVCMOS25             |       |          |      |              |          |          |
| x<1>                               | IOB              | INPUT     | LVCMOS25             |       |          |      |              |          |          |
| x<2>                               | IOB              | INPUT     | LVCMOS25             |       |          |      |              |          |          |
| x<3>                               | IOB              | INPUT     | LVCMOS25             |       |          |      |              |          |          |
| x<4>                               | IOB              | INPUT     | LVCMOS25             |       |          |      |              |          |          |
| x<5>                               | IOB              | INPUT     | LVCMOS25             |       |          |      |              |          |          |
| x<6>                               | IOB              | INPUT     | LVCMOS25             |       |          |      |              |          |          |
| x<7>                               | IOB              | INPUT     | LVCMOS25             |       |          |      |              |          |          |
| x<8>                               | IOB              | INPUT     | LVCMOS25             |       |          |      |              |          |          |
| x<9>                               | IOB              | INPUT     | LVCMOS25             |       |          |      |              |          |          |
| x<10>                              | IOB              | INPUT     | LVCMOS25             |       |          |      |              |          |          |
| x<11>                              | IOB              | INPUT     | LVCMOS25             |       |          |      |              |          |          |
| x<12>                              | IOB              | INPUT     | LVCMOS25             |       |          |      |              |          |          |
| x<13>                              | IOB              | INPUT     | LVCMOS25             |       |          |      |              |          |          |
| x<14>                              | IOB              | INPUT     | LVCMOS25             |       |          |      |              |          |          |
| x<15>                              | IOB              | INPUT     | LVCMOS25             |       |          |      |              |          |          |
| y<0>                               | IOB              | INPUT     | LVCMOS25             |       |          |      |              |          |          |
| y<1>                               | IOB              | INPUT     | LVCMOS25             |       |          |      |              |          |          |
| y<2>                               | IOB              | INPUT     | LVCMOS25             |       |          |      |              |          |          |
| y<3>                               | IOB              | INPUT     | LVCMOS25             |       |          |      |              |          |          |
| y<4>                               | IOB              | INPUT     | LVCMOS25             |       |          |      |              |          |          |
| y<5>                               | IOB              | INPUT     | LVCMOS25             |       |          |      |              |          |          |
| y<6>                               | IOB              | INPUT     | LVCMOS25             |       |          |      |              |          |          |
| y<7>                               | IOB              | INPUT     | LVCMOS25             |       |          |      |              |          |          |
| y<8>                               | IOB              | INPUT     | LVCMOS25             |       |          |      |              |          |          |
| y<9>                               | IOB              | INPUT     | LVCMOS25             |       |          |      |              |          |          |
| y<10>                              | IOB              | INPUT     | LVCMOS25             |       |          |      |              |          |          |
| y<11>                              | IOB              | INPUT     | LVCMOS25             |       |          |      |              |          |          |
| y<12>                              | IOB              | INPUT     | LVCMOS25             |       |          |      |              |          |          |
| y<13>                              | IOB              | INPUT     | LVCMOS25             |       |          |      |              |          |          |
| y<14>                              | IOB              | INPUT     | LVCMOS25             |       |          |      |              |          |          |
| y<15>                              | IOB              | INPUT     | LVCMOS25             |       |          |      |              |          |          |
+---------------------------------------------------------------------------------------------------------------------------------------------------------+

Section 7 - RPMs
----------------

Section 8 - Guide Report
------------------------
Guide not run on this design.

Section 9 - Area Group and Partition Summary
--------------------------------------------

Partition Implementation Status
-------------------------------

  No Partitions were found in this design.

-------------------------------

Area Group Information
----------------------

  No area groups were found in this design.

----------------------

Section 10 - Timing Report
--------------------------
This design was not run using timing mode.

Section 11 - Configuration String Details
-----------------------------------------
Use the "-detail" map option to print out Configuration Strings

Section 12 - Control Set Information
------------------------------------
No control set information for this architecture.

Section 13 - Utilization by Hierarchy
-------------------------------------
Use the "-detail" map option to print out the Utilization by Hierarchy section.
