Running: C:\Xilinx\14.7\ISE_DS\ISE\bin\nt64\unwrapped\fuse.exe -intstyle ise -incremental -lib unisims_ver -lib unimacro_ver -lib xilinxcorelib_ver -lib secureip -o E:/fpga/q2_hw4/block_multiply_test_isim_beh.exe -prj E:/fpga/q2_hw4/block_multiply_test_beh.prj work.block_multiply_test work.glbl 
ISim P.20131013 (signature 0x7708f090)
Number of CPUs detected in this system: 8
Turning on mult-threading, number of parallel sub-compilation jobs: 16 
Determining compilation order of HDL files
Analyzing Verilog file "E:/fpga/q2_hw4/ipcore_dir/block_mem8.v" into library work
Analyzing Verilog file "E:/fpga/q2_hw4/ipcore_dir/block_mem16.v" into library work
Analyzing Verilog file "E:/fpga/q2_hw4/multiplying.v" into library work
Analyzing Verilog file "E:/fpga/q2_hw4/block_multiply_test.v" into library work
Analyzing Verilog file "C:/Xilinx/14.7/ISE_DS/ISE//verilog/src/glbl.v" into library work
Starting static elaboration
WARNING:HDLCompiler:189 - "E:/fpga/q2_hw4/multiplying.v" Line 68: Size mismatch in connection of port <addrb>. Formal port size is 6-bit while actual signal size is 1-bit.
WARNING:HDLCompiler:189 - "E:/fpga/q2_hw4/multiplying.v" Line 69: Size mismatch in connection of port <doutb>. Formal port size is 16-bit while actual signal size is 1-bit.
Completed static elaboration
Compiling module BLK_MEM_GEN_V7_3_output_stage(C_...
Compiling module BLK_MEM_GEN_V7_3_softecc_output_...
Compiling module BLK_MEM_GEN_V7_3_mem_module(C_CO...
Compiling module BLK_MEM_GEN_V7_3(C_FAMILY="spart...
Compiling module block_mem8
Compiling module BLK_MEM_GEN_V7_3_output_stage(C_...
Compiling module BLK_MEM_GEN_V7_3_softecc_output_...
Compiling module BLK_MEM_GEN_V7_3_mem_module(C_CO...
Compiling module BLK_MEM_GEN_V7_3(C_FAMILY="spart...
Compiling module block_mem16
Compiling module multiplying
Compiling module block_multiply_test
Compiling module glbl
Time Resolution for simulation is 1ps.
Compiled 13 Verilog Units
Built simulation executable E:/fpga/q2_hw4/block_multiply_test_isim_beh.exe
Fuse Memory Usage: 33004 KB
Fuse CPU Usage: 452 ms
