Running: C:\Xilinx\14.7\ISE_DS\ISE\bin\nt64\unwrapped\fuse.exe -intstyle ise -incremental -lib unisims_ver -lib unimacro_ver -lib xilinxcorelib_ver -lib secureip -o E:/fpga/q4_hw7/test_7seg_isim_beh.exe -prj E:/fpga/q4_hw7/test_7seg_beh.prj work.test_7seg work.glbl 
ISim P.20131013 (signature 0x7708f090)
Number of CPUs detected in this system: 8
Turning on mult-threading, number of parallel sub-compilation jobs: 16 
Determining compilation order of HDL files
Analyzing Verilog file "E:/fpga/q4_hw7/ipcore_dir/my_rom.v" into library work
Analyzing Verilog file "E:/fpga/q4_hw7/sev_seg_display.v" into library work
Analyzing Verilog file "E:/fpga/q4_hw7/test_7seg.v" into library work
Analyzing Verilog file "C:/Xilinx/14.7/ISE_DS/ISE//verilog/src/glbl.v" into library work
Starting static elaboration
Completed static elaboration
Compiling module BLK_MEM_GEN_V7_3_output_stage(C_...
Compiling module BLK_MEM_GEN_V7_3_softecc_output_...
Compiling module BLK_MEM_GEN_V7_3_mem_module(C_CO...
Compiling module BLK_MEM_GEN_V7_3(C_FAMILY="spart...
Compiling module my_rom
Compiling module sev_seg_display
Compiling module test_7seg
Compiling module glbl
Time Resolution for simulation is 1ps.
Compiled 8 Verilog Units
Built simulation executable E:/fpga/q4_hw7/test_7seg_isim_beh.exe
Fuse Memory Usage: 32128 KB
Fuse CPU Usage: 593 ms
