--------------------------------------------------------------------------------
Release 14.7 Trace  (nt64)
Copyright (c) 1995-2013 Xilinx, Inc.  All rights reserved.

C:\Xilinx\14.7\ISE_DS\ISE\bin\nt64\unwrapped\trce.exe -intstyle ise -v 3 -s 3
-n 3 -fastpaths -xml sev_seg_display.twx sev_seg_display.ncd -o
sev_seg_display.twr sev_seg_display.pcf

Design file:              sev_seg_display.ncd
Physical constraint file: sev_seg_display.pcf
Device,package,speed:     xc6slx9,ftg256,C,-3 (PRODUCTION 1.23 2013-10-13)
Report level:             verbose report

Environment Variable      Effect 
--------------------      ------ 
NONE                      No environment variables were set
--------------------------------------------------------------------------------

INFO:Timing:2698 - No timing constraints found, doing default enumeration.
INFO:Timing:3412 - To improve timing, see the Timing Closure User Guide (UG612).
INFO:Timing:2752 - To get complete path coverage, use the unconstrained paths 
   option. All paths that are not constrained will be reported in the 
   unconstrained paths section(s) of the report.
INFO:Timing:3339 - The clock-to-out numbers in this timing report are based on 
   a 50 Ohm transmission line loading model.  For the details of this model, 
   and for more information on accounting for different loading conditions, 
   please see the device datasheet.



Data Sheet report:
-----------------
All values displayed in nanoseconds (ns)

Setup/Hold to clock clk
------------+------------+------------+------------+------------+------------------+--------+
            |Max Setup to|  Process   |Max Hold to |  Process   |                  | Clock  |
Source      | clk (edge) |   Corner   | clk (edge) |   Corner   |Internal Clock(s) | Phase  |
------------+------------+------------+------------+------------+------------------+--------+
in_num<0>   |    0.807(R)|      SLOW  |    0.114(R)|      SLOW  |clk_BUFGP         |   0.000|
in_num<1>   |    0.745(R)|      SLOW  |    0.170(R)|      SLOW  |clk_BUFGP         |   0.000|
in_num<2>   |    0.575(R)|      SLOW  |    0.336(R)|      SLOW  |clk_BUFGP         |   0.000|
in_num<3>   |    0.504(R)|      SLOW  |    0.402(R)|      SLOW  |clk_BUFGP         |   0.000|
------------+------------+------------+------------+------------+------------------+--------+

Clock clk to Pad
------------+-----------------+------------+-----------------+------------+------------------+--------+
            |Max (slowest) clk|  Process   |Min (fastest) clk|  Process   |                  | Clock  |
Destination |  (edge) to PAD  |   Corner   |  (edge) to PAD  |   Corner   |Internal Clock(s) | Phase  |
------------+-----------------+------------+-----------------+------------+------------------+--------+
out<0>      |         7.176(R)|      SLOW  |         3.773(R)|      FAST  |clk_BUFGP         |   0.000|
out<1>      |         7.176(R)|      SLOW  |         3.773(R)|      FAST  |clk_BUFGP         |   0.000|
out<2>      |         6.926(R)|      SLOW  |         3.602(R)|      FAST  |clk_BUFGP         |   0.000|
out<3>      |         6.926(R)|      SLOW  |         3.602(R)|      FAST  |clk_BUFGP         |   0.000|
out<4>      |         7.155(R)|      SLOW  |         3.799(R)|      FAST  |clk_BUFGP         |   0.000|
out<5>      |         7.104(R)|      SLOW  |         3.755(R)|      FAST  |clk_BUFGP         |   0.000|
out<6>      |         7.289(R)|      SLOW  |         3.907(R)|      FAST  |clk_BUFGP         |   0.000|
------------+-----------------+------------+-----------------+------------+------------------+--------+

Clock to Setup on destination clock clk
---------------+---------+---------+---------+---------+
               | Src:Rise| Src:Fall| Src:Rise| Src:Fall|
Source Clock   |Dest:Rise|Dest:Rise|Dest:Fall|Dest:Fall|
---------------+---------+---------+---------+---------+
clk            |    3.040|         |         |         |
---------------+---------+---------+---------+---------+


Analysis completed Wed Jul 08 15:31:33 2020 
--------------------------------------------------------------------------------

Trace Settings:
-------------------------
Trace Settings 

Peak Memory Usage: 4571 MB



