Running: C:\Xilinx\14.7\ISE_DS\ISE\bin\nt64\unwrapped\fuse.exe -intstyle ise -incremental -lib unisims_ver -lib unimacro_ver -lib xilinxcorelib_ver -lib secureip -o E:/fpga/vector_dot/vector_dot_test_isim_beh.exe -prj E:/fpga/vector_dot/vector_dot_test_beh.prj work.vector_dot_test work.glbl 
ISim P.20131013 (signature 0x7708f090)
Number of CPUs detected in this system: 8
Turning on mult-threading, number of parallel sub-compilation jobs: 16 
Determining compilation order of HDL files
Analyzing Verilog file "E:/fpga/vector_dot/ipcore_dir/my_vectors.v" into library work
Analyzing Verilog file "E:/fpga/vector_dot/vectors_dot.v" into library work
Analyzing Verilog file "E:/fpga/vector_dot/vector_dot_test.v" into library work
Analyzing Verilog file "C:/Xilinx/14.7/ISE_DS/ISE//verilog/src/glbl.v" into library work
Starting static elaboration
Completed static elaboration
Compiling module BLK_MEM_GEN_V7_3_output_stage(C_...
Compiling module BLK_MEM_GEN_V7_3_softecc_output_...
Compiling module BLK_MEM_GEN_V7_3_mem_module(C_CO...
Compiling module BLK_MEM_GEN_V7_3(C_FAMILY="spart...
Compiling module my_vectors
Compiling module vectors_dot
Compiling module vector_dot_test
Compiling module glbl
Time Resolution for simulation is 1ps.
Waiting for 1 sub-compilation(s) to finish...
Compiled 8 Verilog Units
Built simulation executable E:/fpga/vector_dot/vector_dot_test_isim_beh.exe
Fuse Memory Usage: 32176 KB
Fuse CPU Usage: 437 ms
