ISim log file
Running: E:\fpga\vector_dot\vector_dot_test_isim_beh.exe -intstyle ise -gui -tclbatch isim.cmd -wdb E:/fpga/vector_dot/vector_dot_test_isim_beh.wdb 
ISim P.20131013 (signature 0x7708f090)
This is a Full version of ISim.
Time resolution is 1 ps
# onerror resume
# wave add /
# run 1000 ns
Simulator is doing circuit initialization process.
Block Memory Generator CORE Generator module vector_dot_test.uut.block_a.inst.\native_mem_module.blk_mem_gen_v7_3_inst  is using a behavioral model for simulation which will not precisely model memory collision behavior.
Block Memory Generator CORE Generator module vector_dot_test.uut.block_b.inst.\native_mem_module.blk_mem_gen_v7_3_inst  is using a behavioral model for simulation which will not precisely model memory collision behavior.
Finished circuit initialization process.
blk_mem_gen_v7_3 collision detected at time: 15000, A write address: 1, B  read address: 0
blk_mem_gen_v7_3 collision detected at time: 15000, A write address: 1, B  read address: 0
# restart
# run 10ms
Simulator is doing circuit initialization process.
Block Memory Generator CORE Generator module vector_dot_test.uut.block_a.inst.\native_mem_module.blk_mem_gen_v7_3_inst  is using a behavioral model for simulation which will not precisely model memory collision behavior.
Block Memory Generator CORE Generator module vector_dot_test.uut.block_b.inst.\native_mem_module.blk_mem_gen_v7_3_inst  is using a behavioral model for simulation which will not precisely model memory collision behavior.
Finished circuit initialization process.
blk_mem_gen_v7_3 collision detected at time: 15000, A write address: 1, B  read address: 0
blk_mem_gen_v7_3 collision detected at time: 15000, A write address: 1, B  read address: 0
blk_mem_gen_v7_3 collision detected at time: 1355000, A write address: 2, B  read address: 1
blk_mem_gen_v7_3 collision detected at time: 1355000, A write address: 2, B  read address: 1
