Release 14.7 - xst P.20131013 (nt64)
Copyright (c) 1995-2013 Xilinx, Inc.  All rights reserved.
--> Parameter TMPDIR set to xst/projnav.tmp


Total REAL time to Xst completion: 0.00 secs
Total CPU time to Xst completion: 0.11 secs
 
--> Parameter xsthdpdir set to xst


Total REAL time to Xst completion: 0.00 secs
Total CPU time to Xst completion: 0.11 secs
 
--> Reading design: Q3.prj

TABLE OF CONTENTS
  1) Synthesis Options Summary
  2) HDL Parsing
  3) HDL Elaboration
  4) HDL Synthesis
       4.1) HDL Synthesis Report
  5) Advanced HDL Synthesis
       5.1) Advanced HDL Synthesis Report
  6) Low Level Synthesis
  7) Partition Report
  8) Design Summary
       8.1) Primitive and Black Box Usage
       8.2) Device utilization summary
       8.3) Partition Resource Summary
       8.4) Timing Report
            8.4.1) Clock Information
            8.4.2) Asynchronous Control Signals Information
            8.4.3) Timing Summary
            8.4.4) Timing Details
            8.4.5) Cross Clock Domains Report


=========================================================================
*                      Synthesis Options Summary                        *
=========================================================================
---- Source Parameters
Input File Name                    : "Q3.prj"
Ignore Synthesis Constraint File   : NO

---- Target Parameters
Output File Name                   : "Q3"
Output Format                      : NGC
Target Device                      : xc6slx9-3-ftg256

---- Source Options
Top Module Name                    : Q3
Automatic FSM Extraction           : YES
FSM Encoding Algorithm             : Auto
Safe Implementation                : No
FSM Style                          : LUT
RAM Extraction                     : Yes
RAM Style                          : Auto
ROM Extraction                     : Yes
Shift Register Extraction          : YES
ROM Style                          : Auto
Resource Sharing                   : YES
Asynchronous To Synchronous        : NO
Shift Register Minimum Size        : 2
Use DSP Block                      : Auto
Automatic Register Balancing       : No

---- Target Options
LUT Combining                      : Auto
Reduce Control Sets                : Auto
Add IO Buffers                     : YES
Global Maximum Fanout              : 100000
Add Generic Clock Buffer(BUFG)     : 16
Register Duplication               : YES
Optimize Instantiated Primitives   : NO
Use Clock Enable                   : Auto
Use Synchronous Set                : Auto
Use Synchronous Reset              : Auto
Pack IO Registers into IOBs        : Auto
Equivalent register Removal        : YES

---- General Options
Optimization Goal                  : Speed
Optimization Effort                : 1
Power Reduction                    : NO
Keep Hierarchy                     : No
Netlist Hierarchy                  : As_Optimized
RTL Output                         : Yes
Global Optimization                : AllClockNets
Read Cores                         : YES
Write Timing Constraints           : NO
Cross Clock Analysis               : NO
Hierarchy Separator                : /
Bus Delimiter                      : <>
Case Specifier                     : Maintain
Slice Utilization Ratio            : 100
BRAM Utilization Ratio             : 100
DSP48 Utilization Ratio            : 100
Auto BRAM Packing                  : NO
Slice Utilization Ratio Delta      : 5

=========================================================================


=========================================================================
*                          HDL Parsing                                  *
=========================================================================
Analyzing Verilog file "E:\fpga\q3_hw7\Q3.v" into library work
Parsing module <Q3>.

=========================================================================
*                            HDL Elaboration                            *
=========================================================================

Elaborating module <Q3>.

=========================================================================
*                           HDL Synthesis                               *
=========================================================================

Synthesizing Unit <Q3>.
    Related source file is "E:\fpga\q3_hw7\Q3.v".
    Found 16-bit register for signal <B_reg>.
    Found 16-bit register for signal <C_reg>.
    Found 16-bit register for signal <D_reg>.
    Found 16-bit register for signal <E_reg>.
    Found 16-bit register for signal <F_reg>.
    Found 16-bit register for signal <G_reg>.
    Found 16-bit register for signal <H_reg>.
    Found 32-bit register for signal <prod1>.
    Found 32-bit register for signal <prod2>.
    Found 32-bit register for signal <prod3>.
    Found 32-bit register for signal <prod4>.
    Found 33-bit register for signal <y1>.
    Found 33-bit register for signal <y2>.
    Found 34-bit register for signal <Out>.
    Found 16-bit register for signal <A_reg>.
    Found 33-bit adder for signal <n0052> created at line 42.
    Found 33-bit adder for signal <n0053> created at line 43.
    Found 34-bit adder for signal <n0054> created at line 46.
    Found 16x16-bit multiplier for signal <A_reg[15]_B_reg[15]_MuLt_10_OUT> created at line 36.
    Found 16x16-bit multiplier for signal <C_reg[15]_D_reg[15]_MuLt_11_OUT> created at line 37.
    Found 16x16-bit multiplier for signal <E_reg[15]_F_reg[15]_MuLt_12_OUT> created at line 38.
    Found 16x16-bit multiplier for signal <G_reg[15]_H_reg[15]_MuLt_13_OUT> created at line 39.
    Summary:
	inferred   4 Multiplier(s).
	inferred   3 Adder/Subtractor(s).
	inferred 356 D-type flip-flop(s).
Unit <Q3> synthesized.

=========================================================================
HDL Synthesis Report

Macro Statistics
# Multipliers                                          : 4
 16x16-bit multiplier                                  : 4
# Adders/Subtractors                                   : 3
 33-bit adder                                          : 2
 34-bit adder                                          : 1
# Registers                                            : 15
 16-bit register                                       : 8
 32-bit register                                       : 4
 33-bit register                                       : 2
 34-bit register                                       : 1

=========================================================================

=========================================================================
*                       Advanced HDL Synthesis                          *
=========================================================================


Synthesizing (advanced) Unit <Q3>.
	Multiplier <Mmult_A_reg[15]_B_reg[15]_MuLt_10_OUT> in block <Q3> and adder/subtractor <Madd_n0052> in block <Q3> are combined into a MAC<Maddsub_A_reg[15]_B_reg[15]_MuLt_10_OUT>.
	The following registers are also absorbed by the MAC: <prod1> in block <Q3>, <y1> in block <Q3>.
	Multiplier <Mmult_E_reg[15]_F_reg[15]_MuLt_12_OUT> in block <Q3> and adder/subtractor <Madd_n0053> in block <Q3> are combined into a MAC<Maddsub_E_reg[15]_F_reg[15]_MuLt_12_OUT>.
	The following registers are also absorbed by the MAC: <prod3> in block <Q3>, <y2> in block <Q3>.
	Found pipelined multiplier on signal <C_reg[15]_D_reg[15]_MuLt_11_OUT>:
		- 1 pipeline level(s) found in a register connected to the multiplier macro output.
		Pushing register(s) into the multiplier macro.
	Found pipelined multiplier on signal <G_reg[15]_H_reg[15]_MuLt_13_OUT>:
		- 1 pipeline level(s) found in a register connected to the multiplier macro output.
		Pushing register(s) into the multiplier macro.
INFO:Xst:2385 - HDL ADVISOR - You can improve the performance of the multiplier Mmult_C_reg[15]_D_reg[15]_MuLt_11_OUT by adding 1 register level(s).
INFO:Xst:2385 - HDL ADVISOR - You can improve the performance of the multiplier Mmult_G_reg[15]_H_reg[15]_MuLt_13_OUT by adding 1 register level(s).
Unit <Q3> synthesized (advanced).

=========================================================================
Advanced HDL Synthesis Report

Macro Statistics
# MACs                                                 : 2
 16x16-to-33-bit MAC                                   : 2
# Multipliers                                          : 2
 16x16-bit registered multiplier                       : 2
# Adders/Subtractors                                   : 1
 34-bit adder                                          : 1
# Registers                                            : 162
 Flip-Flops                                            : 162

=========================================================================

=========================================================================
*                         Low Level Synthesis                           *
=========================================================================

Optimizing unit <Q3> ...

Mapping all equations...
Building and optimizing final netlist ...
Found area constraint ratio of 100 (+ 5) on block Q3, actual ratio is 0.

Final Macro Processing ...

=========================================================================
Final Register Report

Macro Statistics
# Registers                                            : 34
 Flip-Flops                                            : 34

=========================================================================

=========================================================================
*                           Partition Report                            *
=========================================================================

Partition Implementation Status
-------------------------------

  No Partitions were found in this design.

-------------------------------

=========================================================================
*                            Design Summary                             *
=========================================================================

Top Level Output File Name         : Q3.ngc

Primitive and Black Box Usage:
------------------------------
# BELS                             : 101
#      GND                         : 1
#      LUT2                        : 33
#      MUXCY                       : 33
#      VCC                         : 1
#      XORCY                       : 33
# FlipFlops/Latches                : 34
#      FD                          : 34
# Clock Buffers                    : 1
#      BUFGP                       : 1
# IO Buffers                       : 162
#      IBUF                        : 128
#      OBUF                        : 34
# DSPs                             : 4
#      DSP48A1                     : 4

Device utilization summary:
---------------------------

Selected Device : 6slx9ftg256-3 


Slice Logic Utilization: 
 Number of Slice Registers:              34  out of  11440     0%  
 Number of Slice LUTs:                   33  out of   5720     0%  
    Number used as Logic:                33  out of   5720     0%  

Slice Logic Distribution: 
 Number of LUT Flip Flop pairs used:     34
   Number with an unused Flip Flop:       0  out of     34     0%  
   Number with an unused LUT:             1  out of     34     2%  
   Number of fully used LUT-FF pairs:    33  out of     34    97%  
   Number of unique control sets:         1

IO Utilization: 
 Number of IOs:                         163
 Number of bonded IOBs:                 163  out of    186    87%  

Specific Feature Utilization:
 Number of BUFG/BUFGCTRLs:                1  out of     16     6%  
 Number of DSP48A1s:                      4  out of     16    25%  

---------------------------
Partition Resource Summary:
---------------------------

  No Partitions were found in this design.

---------------------------


=========================================================================
Timing Report

NOTE: THESE TIMING NUMBERS ARE ONLY A SYNTHESIS ESTIMATE.
      FOR ACCURATE TIMING INFORMATION PLEASE REFER TO THE TRACE REPORT
      GENERATED AFTER PLACE-and-ROUTE.

Clock Information:
------------------
-----------------------------------+------------------------+-------+
Clock Signal                       | Clock buffer(FF name)  | Load  |
-----------------------------------+------------------------+-------+
clk                                | BUFGP                  | 38    |
-----------------------------------+------------------------+-------+

Asynchronous Control Signals Information:
----------------------------------------
No asynchronous control signals found in this design

Timing Summary:
---------------
Speed Grade: -3

   Minimum period: 4.006ns (Maximum Frequency: 249.635MHz)
   Minimum input arrival time before clock: 1.950ns
   Maximum output required time after clock: 3.597ns
   Maximum combinational path delay: No path found

Timing Details:
---------------
All values displayed in nanoseconds (ns)

=========================================================================
Timing constraint: Default period analysis for Clock 'clk'
  Clock period: 4.006ns (frequency: 249.635MHz)
  Total number of paths / destination ports: 1813 / 98
-------------------------------------------------------------------------
Delay:               4.006ns (Levels of Logic = 0)
  Source:            Mmult_G_reg[15]_H_reg[15]_MuLt_13_OUT (DSP)
  Destination:       Maddsub_E_reg[15]_F_reg[15]_MuLt_12_OUT (DSP)
  Source Clock:      clk rising
  Destination Clock: clk rising

  Data Path: Mmult_G_reg[15]_H_reg[15]_MuLt_13_OUT to Maddsub_E_reg[15]_F_reg[15]_MuLt_12_OUT
                                Gate     Net
    Cell:in->out      fanout   Delay   Delay  Logical Name (Net Name)
    ----------------------------------------  ------------
     DSP48A1:CLK->M31      1   1.227   0.579  Mmult_G_reg[15]_H_reg[15]_MuLt_13_OUT (prod4<31>)
     DSP48A1:C31               2.200          Maddsub_E_reg[15]_F_reg[15]_MuLt_12_OUT
    ----------------------------------------
    Total                      4.006ns (3.427ns logic, 0.579ns route)
                                       (85.5% logic, 14.5% route)

=========================================================================
Timing constraint: Default OFFSET IN BEFORE for Clock 'clk'
  Total number of paths / destination ports: 128 / 128
-------------------------------------------------------------------------
Offset:              1.950ns (Levels of Logic = 1)
  Source:            C<15> (PAD)
  Destination:       Mmult_C_reg[15]_D_reg[15]_MuLt_11_OUT (DSP)
  Destination Clock: clk rising

  Data Path: C<15> to Mmult_C_reg[15]_D_reg[15]_MuLt_11_OUT
                                Gate     Net
    Cell:in->out      fanout   Delay   Delay  Logical Name (Net Name)
    ----------------------------------------  ------------
     IBUF:I->O             1   1.222   0.579  C_15_IBUF (C_15_IBUF)
     DSP48A1:B15               0.149          Mmult_C_reg[15]_D_reg[15]_MuLt_11_OUT
    ----------------------------------------
    Total                      1.950ns (1.371ns logic, 0.579ns route)
                                       (70.3% logic, 29.7% route)

=========================================================================
Timing constraint: Default OFFSET OUT AFTER for Clock 'clk'
  Total number of paths / destination ports: 34 / 34
-------------------------------------------------------------------------
Offset:              3.597ns (Levels of Logic = 1)
  Source:            Out_33 (FF)
  Destination:       Out<33> (PAD)
  Source Clock:      clk rising

  Data Path: Out_33 to Out<33>
                                Gate     Net
    Cell:in->out      fanout   Delay   Delay  Logical Name (Net Name)
    ----------------------------------------  ------------
     FD:C->Q               1   0.447   0.579  Out_33 (Out_33)
     OBUF:I->O                 2.571          Out_33_OBUF (Out<33>)
    ----------------------------------------
    Total                      3.597ns (3.018ns logic, 0.579ns route)
                                       (83.9% logic, 16.1% route)

=========================================================================

Cross Clock Domains Report:
--------------------------

Clock to Setup on destination clock clk
---------------+---------+---------+---------+---------+
               | Src:Rise| Src:Fall| Src:Rise| Src:Fall|
Source Clock   |Dest:Rise|Dest:Rise|Dest:Fall|Dest:Fall|
---------------+---------+---------+---------+---------+
clk            |    4.006|         |         |         |
---------------+---------+---------+---------+---------+

=========================================================================


Total REAL time to Xst completion: 5.00 secs
Total CPU time to Xst completion: 4.56 secs
 
--> 

Total memory usage is 4507420 kilobytes

Number of errors   :    0 (   0 filtered)
Number of warnings :    0 (   0 filtered)
Number of infos    :    2 (   0 filtered)

