INFO:sim:172 - Generating IP...
Resolving generics for 'my_fifo'...
Applying external generics to 'my_fifo'...
Delivering associated files for 'my_fifo'...
Delivering EJava files for 'my_fifo'...
Generating implementation netlist for 'my_fifo'...
INFO:sim - Pre-processing HDL files for 'my_fifo'...
WARNING:sim - BlackBox generator run option '-ifmt' found multiple times. Only
   the first occurence is considered.
Running synthesis for 'my_fifo'
Running ngcbuild...
Writing VEO instantiation template for 'my_fifo'...
Writing Verilog behavioral simulation model for 'my_fifo'...
WARNING:sim - Overwriting existing file
   E:/fpga/q5_hw4/ipcore_dir/tmp/_cg/my_fifo/doc/fifo_generator_v9_3_vinfo.html
   with file from view xilinx_documentation
Delivered 3 files into directory E:/fpga/q5_hw4/ipcore_dir/tmp/_cg/my_fifo
Delivered 1 file into directory E:/fpga/q5_hw4/ipcore_dir/tmp/_cg/my_fifo
Generating ASY schematic symbol...
INFO:sim:949 - Finished generation of ASY schematic symbol.
Generating SYM schematic symbol for 'my_fifo'...
Generating metadata file...
Generating ISE project file for 'my_fifo'...
Generating ISE project...
XCO file found: my_fifo.xco
XMDF file found: my_fifo_xmdf.tcl
Adding E:/fpga/q5_hw4/ipcore_dir/tmp/_cg/my_fifo.asy -view all -origin_type
imported
Adding E:/fpga/q5_hw4/ipcore_dir/tmp/_cg/my_fifo.ngc -view all -origin_type
created
Checking file "E:/fpga/q5_hw4/ipcore_dir/tmp/_cg/my_fifo.ngc" for project device
match ...
File "E:/fpga/q5_hw4/ipcore_dir/tmp/_cg/my_fifo.ngc" device information matches
project device.
Adding E:/fpga/q5_hw4/ipcore_dir/tmp/_cg/my_fifo.sym -view all -origin_type
imported
Adding E:/fpga/q5_hw4/ipcore_dir/tmp/_cg/my_fifo.v -view all -origin_type
created
INFO:HDLCompiler:1845 - Analyzing Verilog file
   "E:/fpga/q5_hw4/ipcore_dir/tmp/_cg/my_fifo.v" into library work
INFO:ProjectMgmt - Parsing design hierarchy completed successfully.
Adding E:/fpga/q5_hw4/ipcore_dir/tmp/_cg/my_fifo.veo -view all -origin_type
imported
INFO:TclTasksC:2116 - The automatic calculation of top has been turned-off.
   Please set the new top explicitly by running the "project set top" command.
   To re-calculate the new top automatically, set the "Auto Implementation Top"
   property to true.
Top level has been set to "/my_fifo"
Generating README file...
Generating FLIST file...
INFO:sim:948 - Finished FLIST file generation.
Launching README viewer...
Moving files to output directory...
Finished moving files to output directory
Wrote CGP file for project 'my_fifo'.
